


ARM Macro Assembler    Page 1 


    1 00000000         ; Amount of memory (in bytes) allocated for Stack
    2 00000000         ; Tailor this value to your application needs
    3 00000000         ; <h> Stack Configuration
    4 00000000         ;   <o> Stack Size (in Bytes) <0x0-0xFFFFFFFF:8>
    5 00000000         ; </h>
    6 00000000         
    7 00000000         ;Â†ÜÊ†àÂ§ßÂ∞èËÆæÁΩÆ,Â¶ÇÊûúÂ±ÄÈÉ®ÂèòÈáèËøáÂ§ö,ËøôÈáåÂ∫îËØ
                       •Áõ∏Â∫îÊîπÂ§ß.ÈªòËÆ§ÊòØ1024Â≠óËäÇ.
    8 00000000 00000400 
                       Stack_Size
                               EQU              0x00000400
    9 00000000         
   10 00000000                 AREA             STACK, NOINIT, READWRITE, ALIGN
=3
   11 00000000         Stack_Mem
                               SPACE            Stack_Size
   12 00000400         __initial_sp
   13 00000400         ;Ê†áÂè∑__initial_sp Á¥ßÊå®ÁùÄ SPACEËØ≠Âè•ÊîæÁΩÆÔºåË°®Á§∫
                       Ê†àÁöÑÁªìÊùüÂú∞ÂùÄÔºåÂç≥Ê†àÈ°∂Âú∞ÂùÄÔºåÊ†àÊòØÁî±È´òÂêë‰Ω
                       éÁîüÈïøÁöÑ„ÄÇ                                           
                        Ôºõ     
   14 00000400         ; <h> Heap Configuration
   15 00000400         ;   <o>  Heap Size (in Bytes) <0x0-0xFFFFFFFF:8>
   16 00000400         ; </h>
   17 00000400         
   18 00000400         ;Êú™Áî®Âà∞ÁºñËØëÂô®Ëá™Â∏¶ÁöÑÂÜÖÂ≠òÁÆ°ÁêÜ(malloc,freeÁ≠â)
                       ÔºåËÆæÁΩÆHeap_Szie‰∏∫0
   19 00000400 00000000 
                       Heap_Size
                               EQU              0x00000000
   20 00000400         
   21 00000400                 AREA             HEAP, NOINIT, READWRITE, ALIGN=
3
   22 00000000         __heap_base
   23 00000000         Heap_Mem
                               SPACE            Heap_Size
   24 00000000         __heap_limit
   25 00000000         
   26 00000000                 PRESERVE8
   27 00000000                 THUMB
   28 00000000         
   29 00000000         
   30 00000000         ; Vector Table Mapped to Address 0 at Reset
   31 00000000                 AREA             RESET, DATA, READONLY
   32 00000000                 EXPORT           __Vectors
   33 00000000                 EXPORT           __Vectors_End
   34 00000000                 EXPORT           __Vectors_Size
   35 00000000         ;ÂêëÈáèË°®‰ªé FLASH ÁöÑ 0 Âú∞ÂùÄÂºÄÂßãÊîæÁΩÆÔºå‰ª• 4 ‰∏™
                       Â≠óËäÇ‰∏∫‰∏Ä‰∏™Âçï‰ΩçÔºåÂú∞ÂùÄ 0 Â≠òÊîæÁöÑÊòØÊ†à
   36 00000000         ;È°∂Âú∞ÂùÄÔºå 0X04 ;Â≠òÊîæÁöÑÊòØÂ§ç‰ΩçÁ®ãÂ∫èÁöÑÂú∞ÂùÄÔºå
                       ‰ª•Ê≠§Á±ªÊé®„ÄÇ‰ªé‰ª£Á†Å‰∏äÁúãÔºåÂêëÈáèË°®‰∏≠Â≠òÊîæÁöÑÈÉ
                       Ω
   37 00000000         ;ÊòØ‰∏≠Êñ≠ÊúçÂä°ÂáΩÊï∞ÁöÑÂáΩÊï∞ÂêçÔºåÂèØÊàë‰ª¨Áü•ÈÅì C Ë
                       Ø≠Ë®Ä‰∏≠ÁöÑÂáΩÊï∞ÂêçÂ∞±ÊòØ‰∏Ä‰∏™Âú∞ÂùÄ„ÄÇ
   38 00000000         
   39 00000000         
   40 00000000 00000000 
                       __Vectors
                               DCD              __initial_sp ; Top of Stack



ARM Macro Assembler    Page 2 


   41 00000004 00000000        DCD              Reset_Handler ; Reset Handler
   42 00000008 00000000        DCD              NMI_Handler ; NMI Handler
   43 0000000C 00000000        DCD              HardFault_Handler ; Hard Fault 
                                                            Handler
   44 00000010 00000000        DCD              MemManage_Handler 
                                                            ; MPU Fault Handler
                                                            
   45 00000014 00000000        DCD              BusFault_Handler 
                                                            ; Bus Fault Handler
                                                            
   46 00000018 00000000        DCD              UsageFault_Handler ; Usage Faul
                                                            t Handler
   47 0000001C 00000000        DCD              0           ; Reserved
   48 00000020 00000000        DCD              0           ; Reserved
   49 00000024 00000000        DCD              0           ; Reserved
   50 00000028 00000000        DCD              0           ; Reserved
   51 0000002C 00000000        DCD              SVC_Handler ; SVCall Handler
   52 00000030 00000000        DCD              DebugMon_Handler ; Debug Monito
                                                            r Handler
   53 00000034 00000000        DCD              0           ; Reserved
   54 00000038 00000000        DCD              PendSV_Handler ; PendSV Handler
                                                            
   55 0000003C 00000000        DCD              SysTick_Handler 
                                                            ; SysTick Handler
   56 00000040         
   57 00000040         ; External Interrupts
   58 00000040 00000000        DCD              WWDG_IRQHandler 
                                                            ; Window Watchdog
   59 00000044 00000000        DCD              PVD_IRQHandler ; PVD through EX
                                                            TI Line detect
   60 00000048 00000000        DCD              TAMPER_IRQHandler ; Tamper
   61 0000004C 00000000        DCD              RTC_IRQHandler ; RTC
   62 00000050 00000000        DCD              FLASH_IRQHandler ; Flash
   63 00000054 00000000        DCD              RCC_IRQHandler ; RCC
   64 00000058 00000000        DCD              EXTI0_IRQHandler ; EXTI Line 0
   65 0000005C 00000000        DCD              EXTI1_IRQHandler ; EXTI Line 1
   66 00000060 00000000        DCD              EXTI2_IRQHandler ; EXTI Line 2
   67 00000064 00000000        DCD              EXTI3_IRQHandler ; EXTI Line 3
   68 00000068 00000000        DCD              EXTI4_IRQHandler ; EXTI Line 4
   69 0000006C 00000000        DCD              DMA1_Channel1_IRQHandler 
                                                            ; DMA1 Channel 1
   70 00000070 00000000        DCD              DMA1_Channel2_IRQHandler 
                                                            ; DMA1 Channel 2
   71 00000074 00000000        DCD              DMA1_Channel3_IRQHandler 
                                                            ; DMA1 Channel 3
   72 00000078 00000000        DCD              DMA1_Channel4_IRQHandler 
                                                            ; DMA1 Channel 4
   73 0000007C 00000000        DCD              DMA1_Channel5_IRQHandler 
                                                            ; DMA1 Channel 5
   74 00000080 00000000        DCD              DMA1_Channel6_IRQHandler 
                                                            ; DMA1 Channel 6
   75 00000084 00000000        DCD              DMA1_Channel7_IRQHandler 
                                                            ; DMA1 Channel 7
   76 00000088 00000000        DCD              ADC1_2_IRQHandler ; ADC1 & ADC2
                                                            
   77 0000008C 00000000        DCD              USB_HP_CAN1_TX_IRQHandler ; USB
                                                             High Priority or C
                                                            AN1 TX
   78 00000090 00000000        DCD              USB_LP_CAN1_RX0_IRQHandler ; US



ARM Macro Assembler    Page 3 


                                                            B Low  Priority or 
                                                            CAN1 RX0
   79 00000094 00000000        DCD              CAN1_RX1_IRQHandler ; CAN1 RX1
   80 00000098 00000000        DCD              CAN1_SCE_IRQHandler ; CAN1 SCE
   81 0000009C 00000000        DCD              EXTI9_5_IRQHandler 
                                                            ; EXTI Line 9..5
   82 000000A0 00000000        DCD              TIM1_BRK_IRQHandler 
                                                            ; TIM1 Break
   83 000000A4 00000000        DCD              TIM1_UP_IRQHandler 
                                                            ; TIM1 Update
   84 000000A8 00000000        DCD              TIM1_TRG_COM_IRQHandler ; TIM1 
                                                            Trigger and Commuta
                                                            tion
   85 000000AC 00000000        DCD              TIM1_CC_IRQHandler ; TIM1 Captu
                                                            re Compare
   86 000000B0 00000000        DCD              TIM2_IRQHandler ; TIM2
   87 000000B4 00000000        DCD              TIM3_IRQHandler ; TIM3
   88 000000B8 00000000        DCD              TIM4_IRQHandler ; TIM4
   89 000000BC 00000000        DCD              I2C1_EV_IRQHandler ; I2C1 Event
                                                            
   90 000000C0 00000000        DCD              I2C1_ER_IRQHandler ; I2C1 Error
                                                            
   91 000000C4 00000000        DCD              I2C2_EV_IRQHandler ; I2C2 Event
                                                            
   92 000000C8 00000000        DCD              I2C2_ER_IRQHandler ; I2C2 Error
                                                            
   93 000000CC 00000000        DCD              SPI1_IRQHandler ; SPI1
   94 000000D0 00000000        DCD              SPI2_IRQHandler ; SPI2
   95 000000D4 00000000        DCD              USART1_IRQHandler ; USART1
   96 000000D8 00000000        DCD              USART2_IRQHandler ; USART2
   97 000000DC 00000000        DCD              USART3_IRQHandler ; USART3
   98 000000E0 00000000        DCD              EXTI15_10_IRQHandler 
                                                            ; EXTI Line 15..10
   99 000000E4 00000000        DCD              RTCAlarm_IRQHandler ; RTC Alarm
                                                             through EXTI Line
  100 000000E8 00000000        DCD              USBWakeUp_IRQHandler ; USB Wake
                                                            up from suspend
  101 000000EC 00000000        DCD              TIM8_BRK_IRQHandler 
                                                            ; TIM8 Break
  102 000000F0 00000000        DCD              TIM8_UP_IRQHandler 
                                                            ; TIM8 Update
  103 000000F4 00000000        DCD              TIM8_TRG_COM_IRQHandler ; TIM8 
                                                            Trigger and Commuta
                                                            tion
  104 000000F8 00000000        DCD              TIM8_CC_IRQHandler ; TIM8 Captu
                                                            re Compare
  105 000000FC 00000000        DCD              ADC3_IRQHandler ; ADC3
  106 00000100 00000000        DCD              FSMC_IRQHandler ; FSMC
  107 00000104 00000000        DCD              SDIO_IRQHandler ; SDIO
  108 00000108 00000000        DCD              TIM5_IRQHandler ; TIM5
  109 0000010C 00000000        DCD              SPI3_IRQHandler ; SPI3
  110 00000110 00000000        DCD              UART4_IRQHandler ; UART4
  111 00000114 00000000        DCD              UART5_IRQHandler ; UART5
  112 00000118 00000000        DCD              TIM6_IRQHandler ; TIM6
  113 0000011C 00000000        DCD              TIM7_IRQHandler ; TIM7
  114 00000120 00000000        DCD              DMA2_Channel1_IRQHandler 
                                                            ; DMA2 Channel1
  115 00000124 00000000        DCD              DMA2_Channel2_IRQHandler 
                                                            ; DMA2 Channel2



ARM Macro Assembler    Page 4 


  116 00000128 00000000        DCD              DMA2_Channel3_IRQHandler 
                                                            ; DMA2 Channel3
  117 0000012C 00000000        DCD              DMA2_Channel4_5_IRQHandler ; DM
                                                            A2 Channel4 & Chann
                                                            el5
  118 00000130         __Vectors_End
  119 00000130         
  120 00000130 00000130 
                       __Vectors_Size
                               EQU              __Vectors_End - __Vectors
  121 00000130         
  122 00000130                 AREA             |.text|, CODE, READONLY
  123 00000000         
  124 00000000         ; Reset handler
  125 00000000         Reset_Handler
                               PROC
  126 00000000                 EXPORT           Reset_Handler             [WEAK
]
  127 00000000                 IMPORT           __main
  128 00000000         ;ÂØÑÂ≠òÂô®ÁâàÊú¨‰ª£Á†ÅÔºåÂõ†‰∏∫Ê≤°ÊúâÁî®Âà∞SystemInitÂáΩ
                       Êï∞ÔºåÊâÄ‰ª•Ê≥®ÈáäÊéâ‰ª•‰∏ã‰ª£Á†Å‰∏∫Èò≤Ê≠¢Êä•ÈîôÔºÅ
  129 00000000         ;Â∫ìÂáΩÊï∞ÁâàÊú¨‰ª£Á†ÅÔºåÂª∫ËÆÆÂä†‰∏äËøôÈáåÔºàÂ§ñÈÉ®ÂøÖÈ
                       °ªÂÆûÁé∞SystemInitÂáΩÊï∞ÔºâÔºå‰ª•ÂàùÂßãÂåñstm32Êó∂ÈíüÁ≠â
                       „ÄÇ
  130 00000000         ;IMPORT  SystemInit   
  131 00000000         ;LDR     R0, =SystemInit 
  132 00000000         ;BLX     R0                  
  133 00000000 4805            LDR              R0, =__main
  134 00000002 4700            BX               R0
  135 00000004                 ENDP
  136 00000004         
  137 00000004         ; Dummy Exception Handlers (infinite loops which can be 
                       modified)
  138 00000004         
  139 00000004         NMI_Handler
                               PROC
  140 00000004                 EXPORT           NMI_Handler                [WEA
K]
  141 00000004 E7FE            B                .
  142 00000006                 ENDP
  144 00000006         HardFault_Handler
                               PROC
  145 00000006                 EXPORT           HardFault_Handler          [WEA
K]
  146 00000006 E7FE            B                .
  147 00000008                 ENDP
  149 00000008         MemManage_Handler
                               PROC
  150 00000008                 EXPORT           MemManage_Handler          [WEA
K]
  151 00000008 E7FE            B                .
  152 0000000A                 ENDP
  154 0000000A         BusFault_Handler
                               PROC
  155 0000000A                 EXPORT           BusFault_Handler           [WEA
K]
  156 0000000A E7FE            B                .
  157 0000000C                 ENDP
  159 0000000C         UsageFault_Handler



ARM Macro Assembler    Page 5 


                               PROC
  160 0000000C                 EXPORT           UsageFault_Handler         [WEA
K]
  161 0000000C E7FE            B                .
  162 0000000E                 ENDP
  163 0000000E         SVC_Handler
                               PROC
  164 0000000E                 EXPORT           SVC_Handler                [WEA
K]
  165 0000000E E7FE            B                .
  166 00000010                 ENDP
  168 00000010         DebugMon_Handler
                               PROC
  169 00000010                 EXPORT           DebugMon_Handler           [WEA
K]
  170 00000010 E7FE            B                .
  171 00000012                 ENDP
  172 00000012         PendSV_Handler
                               PROC
  173 00000012                 EXPORT           PendSV_Handler             [WEA
K]
  174 00000012 E7FE            B                .
  175 00000014                 ENDP
  176 00000014         SysTick_Handler
                               PROC
  177 00000014                 EXPORT           SysTick_Handler            [WEA
K]
  178 00000014 E7FE            B                .
  179 00000016                 ENDP
  180 00000016         
  181 00000016         Default_Handler
                               PROC
  182 00000016         
  183 00000016                 EXPORT           WWDG_IRQHandler            [WEA
K]
  184 00000016                 EXPORT           PVD_IRQHandler             [WEA
K]
  185 00000016                 EXPORT           TAMPER_IRQHandler          [WEA
K]
  186 00000016                 EXPORT           RTC_IRQHandler             [WEA
K]
  187 00000016                 EXPORT           FLASH_IRQHandler           [WEA
K]
  188 00000016                 EXPORT           RCC_IRQHandler             [WEA
K]
  189 00000016                 EXPORT           EXTI0_IRQHandler           [WEA
K]
  190 00000016                 EXPORT           EXTI1_IRQHandler           [WEA
K]
  191 00000016                 EXPORT           EXTI2_IRQHandler           [WEA
K]
  192 00000016                 EXPORT           EXTI3_IRQHandler           [WEA
K]
  193 00000016                 EXPORT           EXTI4_IRQHandler           [WEA
K]
  194 00000016                 EXPORT           DMA1_Channel1_IRQHandler   [WEA
K]
  195 00000016                 EXPORT           DMA1_Channel2_IRQHandler   [WEA
K]



ARM Macro Assembler    Page 6 


  196 00000016                 EXPORT           DMA1_Channel3_IRQHandler   [WEA
K]
  197 00000016                 EXPORT           DMA1_Channel4_IRQHandler   [WEA
K]
  198 00000016                 EXPORT           DMA1_Channel5_IRQHandler   [WEA
K]
  199 00000016                 EXPORT           DMA1_Channel6_IRQHandler   [WEA
K]
  200 00000016                 EXPORT           DMA1_Channel7_IRQHandler   [WEA
K]
  201 00000016                 EXPORT           ADC1_2_IRQHandler          [WEA
K]
  202 00000016                 EXPORT           USB_HP_CAN1_TX_IRQHandler  [WEA
K]
  203 00000016                 EXPORT           USB_LP_CAN1_RX0_IRQHandler [WEA
K]
  204 00000016                 EXPORT           CAN1_RX1_IRQHandler        [WEA
K]
  205 00000016                 EXPORT           CAN1_SCE_IRQHandler        [WEA
K]
  206 00000016                 EXPORT           EXTI9_5_IRQHandler         [WEA
K]
  207 00000016                 EXPORT           TIM1_BRK_IRQHandler        [WEA
K]
  208 00000016                 EXPORT           TIM1_UP_IRQHandler         [WEA
K]
  209 00000016                 EXPORT           TIM1_TRG_COM_IRQHandler    [WEA
K]
  210 00000016                 EXPORT           TIM1_CC_IRQHandler         [WEA
K]
  211 00000016                 EXPORT           TIM2_IRQHandler            [WEA
K]
  212 00000016                 EXPORT           TIM3_IRQHandler            [WEA
K]
  213 00000016                 EXPORT           TIM4_IRQHandler            [WEA
K]
  214 00000016                 EXPORT           I2C1_EV_IRQHandler         [WEA
K]
  215 00000016                 EXPORT           I2C1_ER_IRQHandler         [WEA
K]
  216 00000016                 EXPORT           I2C2_EV_IRQHandler         [WEA
K]
  217 00000016                 EXPORT           I2C2_ER_IRQHandler         [WEA
K]
  218 00000016                 EXPORT           SPI1_IRQHandler            [WEA
K]
  219 00000016                 EXPORT           SPI2_IRQHandler            [WEA
K]
  220 00000016                 EXPORT           USART1_IRQHandler          [WEA
K]
  221 00000016                 EXPORT           USART2_IRQHandler          [WEA
K]
  222 00000016                 EXPORT           USART3_IRQHandler          [WEA
K]
  223 00000016                 EXPORT           EXTI15_10_IRQHandler       [WEA
K]
  224 00000016                 EXPORT           RTCAlarm_IRQHandler        [WEA
K]
  225 00000016                 EXPORT           USBWakeUp_IRQHandler       [WEA



ARM Macro Assembler    Page 7 


K]
  226 00000016                 EXPORT           TIM8_BRK_IRQHandler        [WEA
K]
  227 00000016                 EXPORT           TIM8_UP_IRQHandler         [WEA
K]
  228 00000016                 EXPORT           TIM8_TRG_COM_IRQHandler    [WEA
K]
  229 00000016                 EXPORT           TIM8_CC_IRQHandler         [WEA
K]
  230 00000016                 EXPORT           ADC3_IRQHandler            [WEA
K]
  231 00000016                 EXPORT           FSMC_IRQHandler            [WEA
K]
  232 00000016                 EXPORT           SDIO_IRQHandler            [WEA
K]
  233 00000016                 EXPORT           TIM5_IRQHandler            [WEA
K]
  234 00000016                 EXPORT           SPI3_IRQHandler            [WEA
K]
  235 00000016                 EXPORT           UART4_IRQHandler           [WEA
K]
  236 00000016                 EXPORT           UART5_IRQHandler           [WEA
K]
  237 00000016                 EXPORT           TIM6_IRQHandler            [WEA
K]
  238 00000016                 EXPORT           TIM7_IRQHandler            [WEA
K]
  239 00000016                 EXPORT           DMA2_Channel1_IRQHandler   [WEA
K]
  240 00000016                 EXPORT           DMA2_Channel2_IRQHandler   [WEA
K]
  241 00000016                 EXPORT           DMA2_Channel3_IRQHandler   [WEA
K]
  242 00000016                 EXPORT           DMA2_Channel4_5_IRQHandler [WEA
K]
  243 00000016         
  244 00000016         WWDG_IRQHandler
  245 00000016         PVD_IRQHandler
  246 00000016         TAMPER_IRQHandler
  247 00000016         RTC_IRQHandler
  248 00000016         FLASH_IRQHandler
  249 00000016         RCC_IRQHandler
  250 00000016         EXTI0_IRQHandler
  251 00000016         EXTI1_IRQHandler
  252 00000016         EXTI2_IRQHandler
  253 00000016         EXTI3_IRQHandler
  254 00000016         EXTI4_IRQHandler
  255 00000016         DMA1_Channel1_IRQHandler
  256 00000016         DMA1_Channel2_IRQHandler
  257 00000016         DMA1_Channel3_IRQHandler
  258 00000016         DMA1_Channel4_IRQHandler
  259 00000016         DMA1_Channel5_IRQHandler
  260 00000016         DMA1_Channel6_IRQHandler
  261 00000016         DMA1_Channel7_IRQHandler
  262 00000016         ADC1_2_IRQHandler
  263 00000016         USB_HP_CAN1_TX_IRQHandler
  264 00000016         USB_LP_CAN1_RX0_IRQHandler
  265 00000016         CAN1_RX1_IRQHandler
  266 00000016         CAN1_SCE_IRQHandler



ARM Macro Assembler    Page 8 


  267 00000016         EXTI9_5_IRQHandler
  268 00000016         TIM1_BRK_IRQHandler
  269 00000016         TIM1_UP_IRQHandler
  270 00000016         TIM1_TRG_COM_IRQHandler
  271 00000016         TIM1_CC_IRQHandler
  272 00000016         TIM2_IRQHandler
  273 00000016         TIM3_IRQHandler
  274 00000016         TIM4_IRQHandler
  275 00000016         I2C1_EV_IRQHandler
  276 00000016         I2C1_ER_IRQHandler
  277 00000016         I2C2_EV_IRQHandler
  278 00000016         I2C2_ER_IRQHandler
  279 00000016         SPI1_IRQHandler
  280 00000016         SPI2_IRQHandler
  281 00000016         USART1_IRQHandler
  282 00000016         USART2_IRQHandler
  283 00000016         USART3_IRQHandler
  284 00000016         EXTI15_10_IRQHandler
  285 00000016         RTCAlarm_IRQHandler
  286 00000016         USBWakeUp_IRQHandler
  287 00000016         TIM8_BRK_IRQHandler
  288 00000016         TIM8_UP_IRQHandler
  289 00000016         TIM8_TRG_COM_IRQHandler
  290 00000016         TIM8_CC_IRQHandler
  291 00000016         ADC3_IRQHandler
  292 00000016         FSMC_IRQHandler
  293 00000016         SDIO_IRQHandler
  294 00000016         TIM5_IRQHandler
  295 00000016         SPI3_IRQHandler
  296 00000016         UART4_IRQHandler
  297 00000016         UART5_IRQHandler
  298 00000016         TIM6_IRQHandler
  299 00000016         TIM7_IRQHandler
  300 00000016         DMA2_Channel1_IRQHandler
  301 00000016         DMA2_Channel2_IRQHandler
  302 00000016         DMA2_Channel3_IRQHandler
  303 00000016         DMA2_Channel4_5_IRQHandler
  304 00000016 E7FE            B                .
  305 00000018         
  306 00000018                 ENDP
  307 00000018         
  308 00000018                 ALIGN
  309 00000018         
  310 00000018         ;*******************************************************
                       ************************
  311 00000018         ; User Stack and Heap initialization
  312 00000018         ;*******************************************************
                       ************************
  313 00000018                 IF               :DEF:__MICROLIB
  314 00000018         
  315 00000018                 EXPORT           __initial_sp
  316 00000018                 EXPORT           __heap_base
  317 00000018                 EXPORT           __heap_limit
  318 00000018         
  319 00000018                 ELSE
  334                          ENDIF
  335 00000018         
  336 00000018                 END
              00000000 



ARM Macro Assembler    Page 9 


Command Line: --xref --diag_suppress=9931 --cpu=Cortex-M3 --apcs=interwork --de
pend=.\objects\stm32f10x.d -o.\objects\stm32f10x.o -I"C:\Users\THB\Documents\ST
M32 Data\◊‘º∫µƒÃΩÀ˜[¥”0ø™ º]\01\RTE" -ID:\MDK\ARM\PACK\Keil\STM32F1xx_DFP\2.1.0
 -ID:\MDK\ARM\CMSIS\Include --predefine="__MICROLIB SETA 1" --predefine="__UVIS
ION_VERSION SETA 514" --predefine="STM32F10X_HD SETA 1" --list=.\listings\stm32
f10x.lst ..\core\STM32F10x.s



ARM Macro Assembler    Page 1 Alphabetic symbol ordering
Relocatable symbols

STACK 00000000

Symbol: STACK
   Definitions
      At line 10 in file ..\core\STM32F10x.s
   Uses
      None
Comment: STACK unused
Stack_Mem 00000000

Symbol: Stack_Mem
   Definitions
      At line 11 in file ..\core\STM32F10x.s
   Uses
      None
Comment: Stack_Mem unused
__initial_sp 00000400

Symbol: __initial_sp
   Definitions
      At line 12 in file ..\core\STM32F10x.s
   Uses
      At line 40 in file ..\core\STM32F10x.s
      At line 315 in file ..\core\STM32F10x.s

3 symbols



ARM Macro Assembler    Page 1 Alphabetic symbol ordering
Relocatable symbols

HEAP 00000000

Symbol: HEAP
   Definitions
      At line 21 in file ..\core\STM32F10x.s
   Uses
      None
Comment: HEAP unused
Heap_Mem 00000000

Symbol: Heap_Mem
   Definitions
      At line 23 in file ..\core\STM32F10x.s
   Uses
      None
Comment: Heap_Mem unused
__heap_base 00000000

Symbol: __heap_base
   Definitions
      At line 22 in file ..\core\STM32F10x.s
   Uses
      At line 316 in file ..\core\STM32F10x.s
Comment: __heap_base used once
__heap_limit 00000000

Symbol: __heap_limit
   Definitions
      At line 24 in file ..\core\STM32F10x.s
   Uses
      At line 317 in file ..\core\STM32F10x.s
Comment: __heap_limit used once
4 symbols



ARM Macro Assembler    Page 1 Alphabetic symbol ordering
Relocatable symbols

RESET 00000000

Symbol: RESET
   Definitions
      At line 31 in file ..\core\STM32F10x.s
   Uses
      None
Comment: RESET unused
__Vectors 00000000

Symbol: __Vectors
   Definitions
      At line 40 in file ..\core\STM32F10x.s
   Uses
      At line 32 in file ..\core\STM32F10x.s
      At line 120 in file ..\core\STM32F10x.s

__Vectors_End 00000130

Symbol: __Vectors_End
   Definitions
      At line 118 in file ..\core\STM32F10x.s
   Uses
      At line 33 in file ..\core\STM32F10x.s
      At line 120 in file ..\core\STM32F10x.s

3 symbols



ARM Macro Assembler    Page 1 Alphabetic symbol ordering
Relocatable symbols

.text 00000000

Symbol: .text
   Definitions
      At line 122 in file ..\core\STM32F10x.s
   Uses
      None
Comment: .text unused
ADC1_2_IRQHandler 00000016

Symbol: ADC1_2_IRQHandler
   Definitions
      At line 262 in file ..\core\STM32F10x.s
   Uses
      At line 76 in file ..\core\STM32F10x.s
      At line 201 in file ..\core\STM32F10x.s

ADC3_IRQHandler 00000016

Symbol: ADC3_IRQHandler
   Definitions
      At line 291 in file ..\core\STM32F10x.s
   Uses
      At line 105 in file ..\core\STM32F10x.s
      At line 230 in file ..\core\STM32F10x.s

BusFault_Handler 0000000A

Symbol: BusFault_Handler
   Definitions
      At line 154 in file ..\core\STM32F10x.s
   Uses
      At line 45 in file ..\core\STM32F10x.s
      At line 155 in file ..\core\STM32F10x.s

CAN1_RX1_IRQHandler 00000016

Symbol: CAN1_RX1_IRQHandler
   Definitions
      At line 265 in file ..\core\STM32F10x.s
   Uses
      At line 79 in file ..\core\STM32F10x.s
      At line 204 in file ..\core\STM32F10x.s

CAN1_SCE_IRQHandler 00000016

Symbol: CAN1_SCE_IRQHandler
   Definitions
      At line 266 in file ..\core\STM32F10x.s
   Uses
      At line 80 in file ..\core\STM32F10x.s
      At line 205 in file ..\core\STM32F10x.s

DMA1_Channel1_IRQHandler 00000016

Symbol: DMA1_Channel1_IRQHandler
   Definitions
      At line 255 in file ..\core\STM32F10x.s
   Uses



ARM Macro Assembler    Page 2 Alphabetic symbol ordering
Relocatable symbols

      At line 69 in file ..\core\STM32F10x.s
      At line 194 in file ..\core\STM32F10x.s

DMA1_Channel2_IRQHandler 00000016

Symbol: DMA1_Channel2_IRQHandler
   Definitions
      At line 256 in file ..\core\STM32F10x.s
   Uses
      At line 70 in file ..\core\STM32F10x.s
      At line 195 in file ..\core\STM32F10x.s

DMA1_Channel3_IRQHandler 00000016

Symbol: DMA1_Channel3_IRQHandler
   Definitions
      At line 257 in file ..\core\STM32F10x.s
   Uses
      At line 71 in file ..\core\STM32F10x.s
      At line 196 in file ..\core\STM32F10x.s

DMA1_Channel4_IRQHandler 00000016

Symbol: DMA1_Channel4_IRQHandler
   Definitions
      At line 258 in file ..\core\STM32F10x.s
   Uses
      At line 72 in file ..\core\STM32F10x.s
      At line 197 in file ..\core\STM32F10x.s

DMA1_Channel5_IRQHandler 00000016

Symbol: DMA1_Channel5_IRQHandler
   Definitions
      At line 259 in file ..\core\STM32F10x.s
   Uses
      At line 73 in file ..\core\STM32F10x.s
      At line 198 in file ..\core\STM32F10x.s

DMA1_Channel6_IRQHandler 00000016

Symbol: DMA1_Channel6_IRQHandler
   Definitions
      At line 260 in file ..\core\STM32F10x.s
   Uses
      At line 74 in file ..\core\STM32F10x.s
      At line 199 in file ..\core\STM32F10x.s

DMA1_Channel7_IRQHandler 00000016

Symbol: DMA1_Channel7_IRQHandler
   Definitions
      At line 261 in file ..\core\STM32F10x.s
   Uses
      At line 75 in file ..\core\STM32F10x.s
      At line 200 in file ..\core\STM32F10x.s

DMA2_Channel1_IRQHandler 00000016




ARM Macro Assembler    Page 3 Alphabetic symbol ordering
Relocatable symbols

Symbol: DMA2_Channel1_IRQHandler
   Definitions
      At line 300 in file ..\core\STM32F10x.s
   Uses
      At line 114 in file ..\core\STM32F10x.s
      At line 239 in file ..\core\STM32F10x.s

DMA2_Channel2_IRQHandler 00000016

Symbol: DMA2_Channel2_IRQHandler
   Definitions
      At line 301 in file ..\core\STM32F10x.s
   Uses
      At line 115 in file ..\core\STM32F10x.s
      At line 240 in file ..\core\STM32F10x.s

DMA2_Channel3_IRQHandler 00000016

Symbol: DMA2_Channel3_IRQHandler
   Definitions
      At line 302 in file ..\core\STM32F10x.s
   Uses
      At line 116 in file ..\core\STM32F10x.s
      At line 241 in file ..\core\STM32F10x.s

DMA2_Channel4_5_IRQHandler 00000016

Symbol: DMA2_Channel4_5_IRQHandler
   Definitions
      At line 303 in file ..\core\STM32F10x.s
   Uses
      At line 117 in file ..\core\STM32F10x.s
      At line 242 in file ..\core\STM32F10x.s

DebugMon_Handler 00000010

Symbol: DebugMon_Handler
   Definitions
      At line 168 in file ..\core\STM32F10x.s
   Uses
      At line 52 in file ..\core\STM32F10x.s
      At line 169 in file ..\core\STM32F10x.s

Default_Handler 00000016

Symbol: Default_Handler
   Definitions
      At line 181 in file ..\core\STM32F10x.s
   Uses
      None
Comment: Default_Handler unused
EXTI0_IRQHandler 00000016

Symbol: EXTI0_IRQHandler
   Definitions
      At line 250 in file ..\core\STM32F10x.s
   Uses
      At line 64 in file ..\core\STM32F10x.s
      At line 189 in file ..\core\STM32F10x.s



ARM Macro Assembler    Page 4 Alphabetic symbol ordering
Relocatable symbols


EXTI15_10_IRQHandler 00000016

Symbol: EXTI15_10_IRQHandler
   Definitions
      At line 284 in file ..\core\STM32F10x.s
   Uses
      At line 98 in file ..\core\STM32F10x.s
      At line 223 in file ..\core\STM32F10x.s

EXTI1_IRQHandler 00000016

Symbol: EXTI1_IRQHandler
   Definitions
      At line 251 in file ..\core\STM32F10x.s
   Uses
      At line 65 in file ..\core\STM32F10x.s
      At line 190 in file ..\core\STM32F10x.s

EXTI2_IRQHandler 00000016

Symbol: EXTI2_IRQHandler
   Definitions
      At line 252 in file ..\core\STM32F10x.s
   Uses
      At line 66 in file ..\core\STM32F10x.s
      At line 191 in file ..\core\STM32F10x.s

EXTI3_IRQHandler 00000016

Symbol: EXTI3_IRQHandler
   Definitions
      At line 253 in file ..\core\STM32F10x.s
   Uses
      At line 67 in file ..\core\STM32F10x.s
      At line 192 in file ..\core\STM32F10x.s

EXTI4_IRQHandler 00000016

Symbol: EXTI4_IRQHandler
   Definitions
      At line 254 in file ..\core\STM32F10x.s
   Uses
      At line 68 in file ..\core\STM32F10x.s
      At line 193 in file ..\core\STM32F10x.s

EXTI9_5_IRQHandler 00000016

Symbol: EXTI9_5_IRQHandler
   Definitions
      At line 267 in file ..\core\STM32F10x.s
   Uses
      At line 81 in file ..\core\STM32F10x.s
      At line 206 in file ..\core\STM32F10x.s

FLASH_IRQHandler 00000016

Symbol: FLASH_IRQHandler
   Definitions



ARM Macro Assembler    Page 5 Alphabetic symbol ordering
Relocatable symbols

      At line 248 in file ..\core\STM32F10x.s
   Uses
      At line 62 in file ..\core\STM32F10x.s
      At line 187 in file ..\core\STM32F10x.s

FSMC_IRQHandler 00000016

Symbol: FSMC_IRQHandler
   Definitions
      At line 292 in file ..\core\STM32F10x.s
   Uses
      At line 106 in file ..\core\STM32F10x.s
      At line 231 in file ..\core\STM32F10x.s

HardFault_Handler 00000006

Symbol: HardFault_Handler
   Definitions
      At line 144 in file ..\core\STM32F10x.s
   Uses
      At line 43 in file ..\core\STM32F10x.s
      At line 145 in file ..\core\STM32F10x.s

I2C1_ER_IRQHandler 00000016

Symbol: I2C1_ER_IRQHandler
   Definitions
      At line 276 in file ..\core\STM32F10x.s
   Uses
      At line 90 in file ..\core\STM32F10x.s
      At line 215 in file ..\core\STM32F10x.s

I2C1_EV_IRQHandler 00000016

Symbol: I2C1_EV_IRQHandler
   Definitions
      At line 275 in file ..\core\STM32F10x.s
   Uses
      At line 89 in file ..\core\STM32F10x.s
      At line 214 in file ..\core\STM32F10x.s

I2C2_ER_IRQHandler 00000016

Symbol: I2C2_ER_IRQHandler
   Definitions
      At line 278 in file ..\core\STM32F10x.s
   Uses
      At line 92 in file ..\core\STM32F10x.s
      At line 217 in file ..\core\STM32F10x.s

I2C2_EV_IRQHandler 00000016

Symbol: I2C2_EV_IRQHandler
   Definitions
      At line 277 in file ..\core\STM32F10x.s
   Uses
      At line 91 in file ..\core\STM32F10x.s
      At line 216 in file ..\core\STM32F10x.s




ARM Macro Assembler    Page 6 Alphabetic symbol ordering
Relocatable symbols

MemManage_Handler 00000008

Symbol: MemManage_Handler
   Definitions
      At line 149 in file ..\core\STM32F10x.s
   Uses
      At line 44 in file ..\core\STM32F10x.s
      At line 150 in file ..\core\STM32F10x.s

NMI_Handler 00000004

Symbol: NMI_Handler
   Definitions
      At line 139 in file ..\core\STM32F10x.s
   Uses
      At line 42 in file ..\core\STM32F10x.s
      At line 140 in file ..\core\STM32F10x.s

PVD_IRQHandler 00000016

Symbol: PVD_IRQHandler
   Definitions
      At line 245 in file ..\core\STM32F10x.s
   Uses
      At line 59 in file ..\core\STM32F10x.s
      At line 184 in file ..\core\STM32F10x.s

PendSV_Handler 00000012

Symbol: PendSV_Handler
   Definitions
      At line 172 in file ..\core\STM32F10x.s
   Uses
      At line 54 in file ..\core\STM32F10x.s
      At line 173 in file ..\core\STM32F10x.s

RCC_IRQHandler 00000016

Symbol: RCC_IRQHandler
   Definitions
      At line 249 in file ..\core\STM32F10x.s
   Uses
      At line 63 in file ..\core\STM32F10x.s
      At line 188 in file ..\core\STM32F10x.s

RTCAlarm_IRQHandler 00000016

Symbol: RTCAlarm_IRQHandler
   Definitions
      At line 285 in file ..\core\STM32F10x.s
   Uses
      At line 99 in file ..\core\STM32F10x.s
      At line 224 in file ..\core\STM32F10x.s

RTC_IRQHandler 00000016

Symbol: RTC_IRQHandler
   Definitions
      At line 247 in file ..\core\STM32F10x.s



ARM Macro Assembler    Page 7 Alphabetic symbol ordering
Relocatable symbols

   Uses
      At line 61 in file ..\core\STM32F10x.s
      At line 186 in file ..\core\STM32F10x.s

Reset_Handler 00000000

Symbol: Reset_Handler
   Definitions
      At line 125 in file ..\core\STM32F10x.s
   Uses
      At line 41 in file ..\core\STM32F10x.s
      At line 126 in file ..\core\STM32F10x.s

SDIO_IRQHandler 00000016

Symbol: SDIO_IRQHandler
   Definitions
      At line 293 in file ..\core\STM32F10x.s
   Uses
      At line 107 in file ..\core\STM32F10x.s
      At line 232 in file ..\core\STM32F10x.s

SPI1_IRQHandler 00000016

Symbol: SPI1_IRQHandler
   Definitions
      At line 279 in file ..\core\STM32F10x.s
   Uses
      At line 93 in file ..\core\STM32F10x.s
      At line 218 in file ..\core\STM32F10x.s

SPI2_IRQHandler 00000016

Symbol: SPI2_IRQHandler
   Definitions
      At line 280 in file ..\core\STM32F10x.s
   Uses
      At line 94 in file ..\core\STM32F10x.s
      At line 219 in file ..\core\STM32F10x.s

SPI3_IRQHandler 00000016

Symbol: SPI3_IRQHandler
   Definitions
      At line 295 in file ..\core\STM32F10x.s
   Uses
      At line 109 in file ..\core\STM32F10x.s
      At line 234 in file ..\core\STM32F10x.s

SVC_Handler 0000000E

Symbol: SVC_Handler
   Definitions
      At line 163 in file ..\core\STM32F10x.s
   Uses
      At line 51 in file ..\core\STM32F10x.s
      At line 164 in file ..\core\STM32F10x.s

SysTick_Handler 00000014



ARM Macro Assembler    Page 8 Alphabetic symbol ordering
Relocatable symbols


Symbol: SysTick_Handler
   Definitions
      At line 176 in file ..\core\STM32F10x.s
   Uses
      At line 55 in file ..\core\STM32F10x.s
      At line 177 in file ..\core\STM32F10x.s

TAMPER_IRQHandler 00000016

Symbol: TAMPER_IRQHandler
   Definitions
      At line 246 in file ..\core\STM32F10x.s
   Uses
      At line 60 in file ..\core\STM32F10x.s
      At line 185 in file ..\core\STM32F10x.s

TIM1_BRK_IRQHandler 00000016

Symbol: TIM1_BRK_IRQHandler
   Definitions
      At line 268 in file ..\core\STM32F10x.s
   Uses
      At line 82 in file ..\core\STM32F10x.s
      At line 207 in file ..\core\STM32F10x.s

TIM1_CC_IRQHandler 00000016

Symbol: TIM1_CC_IRQHandler
   Definitions
      At line 271 in file ..\core\STM32F10x.s
   Uses
      At line 85 in file ..\core\STM32F10x.s
      At line 210 in file ..\core\STM32F10x.s

TIM1_TRG_COM_IRQHandler 00000016

Symbol: TIM1_TRG_COM_IRQHandler
   Definitions
      At line 270 in file ..\core\STM32F10x.s
   Uses
      At line 84 in file ..\core\STM32F10x.s
      At line 209 in file ..\core\STM32F10x.s

TIM1_UP_IRQHandler 00000016

Symbol: TIM1_UP_IRQHandler
   Definitions
      At line 269 in file ..\core\STM32F10x.s
   Uses
      At line 83 in file ..\core\STM32F10x.s
      At line 208 in file ..\core\STM32F10x.s

TIM2_IRQHandler 00000016

Symbol: TIM2_IRQHandler
   Definitions
      At line 272 in file ..\core\STM32F10x.s
   Uses



ARM Macro Assembler    Page 9 Alphabetic symbol ordering
Relocatable symbols

      At line 86 in file ..\core\STM32F10x.s
      At line 211 in file ..\core\STM32F10x.s

TIM3_IRQHandler 00000016

Symbol: TIM3_IRQHandler
   Definitions
      At line 273 in file ..\core\STM32F10x.s
   Uses
      At line 87 in file ..\core\STM32F10x.s
      At line 212 in file ..\core\STM32F10x.s

TIM4_IRQHandler 00000016

Symbol: TIM4_IRQHandler
   Definitions
      At line 274 in file ..\core\STM32F10x.s
   Uses
      At line 88 in file ..\core\STM32F10x.s
      At line 213 in file ..\core\STM32F10x.s

TIM5_IRQHandler 00000016

Symbol: TIM5_IRQHandler
   Definitions
      At line 294 in file ..\core\STM32F10x.s
   Uses
      At line 108 in file ..\core\STM32F10x.s
      At line 233 in file ..\core\STM32F10x.s

TIM6_IRQHandler 00000016

Symbol: TIM6_IRQHandler
   Definitions
      At line 298 in file ..\core\STM32F10x.s
   Uses
      At line 112 in file ..\core\STM32F10x.s
      At line 237 in file ..\core\STM32F10x.s

TIM7_IRQHandler 00000016

Symbol: TIM7_IRQHandler
   Definitions
      At line 299 in file ..\core\STM32F10x.s
   Uses
      At line 113 in file ..\core\STM32F10x.s
      At line 238 in file ..\core\STM32F10x.s

TIM8_BRK_IRQHandler 00000016

Symbol: TIM8_BRK_IRQHandler
   Definitions
      At line 287 in file ..\core\STM32F10x.s
   Uses
      At line 101 in file ..\core\STM32F10x.s
      At line 226 in file ..\core\STM32F10x.s

TIM8_CC_IRQHandler 00000016




ARM Macro Assembler    Page 10 Alphabetic symbol ordering
Relocatable symbols

Symbol: TIM8_CC_IRQHandler
   Definitions
      At line 290 in file ..\core\STM32F10x.s
   Uses
      At line 104 in file ..\core\STM32F10x.s
      At line 229 in file ..\core\STM32F10x.s

TIM8_TRG_COM_IRQHandler 00000016

Symbol: TIM8_TRG_COM_IRQHandler
   Definitions
      At line 289 in file ..\core\STM32F10x.s
   Uses
      At line 103 in file ..\core\STM32F10x.s
      At line 228 in file ..\core\STM32F10x.s

TIM8_UP_IRQHandler 00000016

Symbol: TIM8_UP_IRQHandler
   Definitions
      At line 288 in file ..\core\STM32F10x.s
   Uses
      At line 102 in file ..\core\STM32F10x.s
      At line 227 in file ..\core\STM32F10x.s

UART4_IRQHandler 00000016

Symbol: UART4_IRQHandler
   Definitions
      At line 296 in file ..\core\STM32F10x.s
   Uses
      At line 110 in file ..\core\STM32F10x.s
      At line 235 in file ..\core\STM32F10x.s

UART5_IRQHandler 00000016

Symbol: UART5_IRQHandler
   Definitions
      At line 297 in file ..\core\STM32F10x.s
   Uses
      At line 111 in file ..\core\STM32F10x.s
      At line 236 in file ..\core\STM32F10x.s

USART1_IRQHandler 00000016

Symbol: USART1_IRQHandler
   Definitions
      At line 281 in file ..\core\STM32F10x.s
   Uses
      At line 95 in file ..\core\STM32F10x.s
      At line 220 in file ..\core\STM32F10x.s

USART2_IRQHandler 00000016

Symbol: USART2_IRQHandler
   Definitions
      At line 282 in file ..\core\STM32F10x.s
   Uses
      At line 96 in file ..\core\STM32F10x.s



ARM Macro Assembler    Page 11 Alphabetic symbol ordering
Relocatable symbols

      At line 221 in file ..\core\STM32F10x.s

USART3_IRQHandler 00000016

Symbol: USART3_IRQHandler
   Definitions
      At line 283 in file ..\core\STM32F10x.s
   Uses
      At line 97 in file ..\core\STM32F10x.s
      At line 222 in file ..\core\STM32F10x.s

USBWakeUp_IRQHandler 00000016

Symbol: USBWakeUp_IRQHandler
   Definitions
      At line 286 in file ..\core\STM32F10x.s
   Uses
      At line 100 in file ..\core\STM32F10x.s
      At line 225 in file ..\core\STM32F10x.s

USB_HP_CAN1_TX_IRQHandler 00000016

Symbol: USB_HP_CAN1_TX_IRQHandler
   Definitions
      At line 263 in file ..\core\STM32F10x.s
   Uses
      At line 77 in file ..\core\STM32F10x.s
      At line 202 in file ..\core\STM32F10x.s

USB_LP_CAN1_RX0_IRQHandler 00000016

Symbol: USB_LP_CAN1_RX0_IRQHandler
   Definitions
      At line 264 in file ..\core\STM32F10x.s
   Uses
      At line 78 in file ..\core\STM32F10x.s
      At line 203 in file ..\core\STM32F10x.s

UsageFault_Handler 0000000C

Symbol: UsageFault_Handler
   Definitions
      At line 159 in file ..\core\STM32F10x.s
   Uses
      At line 46 in file ..\core\STM32F10x.s
      At line 160 in file ..\core\STM32F10x.s

WWDG_IRQHandler 00000016

Symbol: WWDG_IRQHandler
   Definitions
      At line 244 in file ..\core\STM32F10x.s
   Uses
      At line 58 in file ..\core\STM32F10x.s
      At line 183 in file ..\core\STM32F10x.s

72 symbols



ARM Macro Assembler    Page 1 Alphabetic symbol ordering
Absolute symbols

Heap_Size 00000000

Symbol: Heap_Size
   Definitions
      At line 19 in file ..\core\STM32F10x.s
   Uses
      At line 23 in file ..\core\STM32F10x.s
Comment: Heap_Size used once
Stack_Size 00000400

Symbol: Stack_Size
   Definitions
      At line 8 in file ..\core\STM32F10x.s
   Uses
      At line 11 in file ..\core\STM32F10x.s
Comment: Stack_Size used once
__Vectors_Size 00000130

Symbol: __Vectors_Size
   Definitions
      At line 120 in file ..\core\STM32F10x.s
   Uses
      At line 34 in file ..\core\STM32F10x.s
Comment: __Vectors_Size used once
3 symbols



ARM Macro Assembler    Page 1 Alphabetic symbol ordering
External symbols

__main 00000000

Symbol: __main
   Definitions
      At line 127 in file ..\core\STM32F10x.s
   Uses
      At line 133 in file ..\core\STM32F10x.s
Comment: __main used once
1 symbol
421 symbols in table
